c:\users\saidhbh\documents\college files\final project\accesscontrolsoftwarerepo\access_control_software\debug\access_control_v1.0.lib
c:\users\saidhbh\documents\college files\final project\accesscontrolsoftwarerepo\access_control_software\debug\access_control_v1.0.exp
c:\users\saidhbh\documents\college files\final project\accesscontrolsoftwarerepo\access_control_software\access_control_v1.0\debug\vc142.pdb
c:\users\saidhbh\documents\college files\final project\accesscontrolsoftwarerepo\access_control_software\access_control_v1.0\debug\vc142.idb
c:\users\saidhbh\documents\college files\final project\accesscontrolsoftwarerepo\access_control_software\access_control_v1.0\debug\applink.obj
c:\users\saidhbh\documents\college files\final project\accesscontrolsoftwarerepo\access_control_software\access_control_v1.0\debug\main.obj
c:\users\saidhbh\documents\college files\final project\accesscontrolsoftwarerepo\access_control_software\access_control_v1.0\debug\loggerviewermethods.obj
c:\users\saidhbh\documents\college files\final project\accesscontrolsoftwarerepo\access_control_software\access_control_v1.0\debug\loggerviewer.obj
c:\users\saidhbh\documents\college files\final project\accesscontrolsoftwarerepo\access_control_software\access_control_v1.0\debug\loggerabs.obj
c:\users\saidhbh\documents\college files\final project\accesscontrolsoftwarerepo\access_control_software\access_control_v1.0\debug\fullaccess.obj
c:\users\saidhbh\documents\college files\final project\accesscontrolsoftwarerepo\access_control_software\access_control_v1.0\debug\filetype4.obj
c:\users\saidhbh\documents\college files\final project\accesscontrolsoftwarerepo\access_control_software\access_control_v1.0\debug\filetype3.obj
c:\users\saidhbh\documents\college files\final project\accesscontrolsoftwarerepo\access_control_software\access_control_v1.0\debug\filetype2.obj
c:\users\saidhbh\documents\college files\final project\accesscontrolsoftwarerepo\access_control_software\access_control_v1.0\debug\filetype1.obj
c:\users\saidhbh\documents\college files\final project\accesscontrolsoftwarerepo\access_control_software\access_control_v1.0\debug\fileaccessrequest.obj
c:\users\saidhbh\documents\college files\final project\accesscontrolsoftwarerepo\access_control_software\access_control_v1.0\debug\executeaccess.obj
c:\users\saidhbh\documents\college files\final project\accesscontrolsoftwarerepo\access_control_software\access_control_v1.0\debug\encrypt.obj
c:\users\saidhbh\documents\college files\final project\accesscontrolsoftwarerepo\access_control_software\access_control_v1.0\debug\deniedaccesslogger.obj
c:\users\saidhbh\documents\college files\final project\accesscontrolsoftwarerepo\access_control_software\access_control_v1.0\debug\concretereferencemonitor.obj
c:\users\saidhbh\documents\college files\final project\accesscontrolsoftwarerepo\access_control_software\access_control_v1.0\debug\concreteauthenticator1.obj
c:\users\saidhbh\documents\college files\final project\accesscontrolsoftwarerepo\access_control_software\access_control_v1.0\debug\compositerole.obj
c:\users\saidhbh\documents\college files\final project\accesscontrolsoftwarerepo\access_control_software\access_control_v1.0\debug\base64_encode.obj
c:\users\saidhbh\documents\college files\final project\accesscontrolsoftwarerepo\access_control_software\access_control_v1.0\debug\authenticatorabs.obj
c:\users\saidhbh\documents\college files\final project\accesscontrolsoftwarerepo\access_control_software\access_control_v1.0\debug\authenticationinfo.obj
c:\users\saidhbh\documents\college files\final project\accesscontrolsoftwarerepo\access_control_software\access_control_v1.0\debug\adminaccess.obj
c:\users\saidhbh\documents\college files\final project\accesscontrolsoftwarerepo\access_control_software\access_control_v1.0\debug\writeaccess.obj
c:\users\saidhbh\documents\college files\final project\accesscontrolsoftwarerepo\access_control_software\access_control_v1.0\debug\timedate.obj
c:\users\saidhbh\documents\college files\final project\accesscontrolsoftwarerepo\access_control_software\access_control_v1.0\debug\systemloginmenus.obj
c:\users\saidhbh\documents\college files\final project\accesscontrolsoftwarerepo\access_control_software\access_control_v1.0\debug\systemlogin.obj
c:\users\saidhbh\documents\college files\final project\accesscontrolsoftwarerepo\access_control_software\access_control_v1.0\debug\systemaccesslogger.obj
c:\users\saidhbh\documents\college files\final project\accesscontrolsoftwarerepo\access_control_software\access_control_v1.0\debug\subject.obj
c:\users\saidhbh\documents\college files\final project\accesscontrolsoftwarerepo\access_control_software\access_control_v1.0\debug\simplerole.obj
c:\users\saidhbh\documents\college files\final project\accesscontrolsoftwarerepo\access_control_software\access_control_v1.0\debug\rolebuilder.obj
c:\users\saidhbh\documents\college files\final project\accesscontrolsoftwarerepo\access_control_software\access_control_v1.0\debug\role.obj
c:\users\saidhbh\documents\college files\final project\accesscontrolsoftwarerepo\access_control_software\access_control_v1.0\debug\resourceaccesssuccess.obj
c:\users\saidhbh\documents\college files\final project\accesscontrolsoftwarerepo\access_control_software\access_control_v1.0\debug\resourceaccessdenied.obj
c:\users\saidhbh\documents\college files\final project\accesscontrolsoftwarerepo\access_control_software\access_control_v1.0\debug\referencemonitor.obj
c:\users\saidhbh\documents\college files\final project\accesscontrolsoftwarerepo\access_control_software\access_control_v1.0\debug\readaccess.obj
c:\users\saidhbh\documents\college files\final project\accesscontrolsoftwarerepo\access_control_software\access_control_v1.0\debug\passwordauthentication.obj
c:\users\saidhbh\documents\college files\final project\accesscontrolsoftwarerepo\access_control_software\access_control_v1.0\debug\noaccess.obj
c:\users\saidhbh\documents\college files\final project\accesscontrolsoftwarerepo\access_control_software\debug\access_control_v1.0.ilk
c:\users\saidhbh\documents\college files\final project\accesscontrolsoftwarerepo\access_control_software\debug\access_control_v1.0.exe
c:\users\saidhbh\documents\college files\final project\accesscontrolsoftwarerepo\access_control_software\debug\access_control_v1.0.pdb
c:\users\saidhbh\documents\college files\final project\accesscontrolsoftwarerepo\access_control_software\access_control_v1.0\debug\access_c.218cb29c.tlog\access_control_v1.0.write.1u.tlog
c:\users\saidhbh\documents\college files\final project\accesscontrolsoftwarerepo\access_control_software\access_control_v1.0\debug\access_c.218cb29c.tlog\cl.command.1.tlog
c:\users\saidhbh\documents\college files\final project\accesscontrolsoftwarerepo\access_control_software\access_control_v1.0\debug\access_c.218cb29c.tlog\cl.read.1.tlog
c:\users\saidhbh\documents\college files\final project\accesscontrolsoftwarerepo\access_control_software\access_control_v1.0\debug\access_c.218cb29c.tlog\cl.write.1.tlog
c:\users\saidhbh\documents\college files\final project\accesscontrolsoftwarerepo\access_control_software\access_control_v1.0\debug\access_c.218cb29c.tlog\link.command.1.tlog
c:\users\saidhbh\documents\college files\final project\accesscontrolsoftwarerepo\access_control_software\access_control_v1.0\debug\access_c.218cb29c.tlog\link.read.1.tlog
c:\users\saidhbh\documents\college files\final project\accesscontrolsoftwarerepo\access_control_software\access_control_v1.0\debug\access_c.218cb29c.tlog\link.write.1.tlog
